\BOOKMARK [1][-]{section.1}{\376\377\000T\000y\000p\000i\000c\000a\000l\000\040\000A\000t\000t\000a\000c\000k\000\040\000C\000a\000s\000e\000\040\000S\000t\000u\000d\000i\000e\000s}{}% 1
\BOOKMARK [2][-]{subsection.1.1}{\376\377\000W\000a\000n\000n\000a\000C\000r\000y\000\040\000R\000a\000n\000s\000o\000m\000w\000a\000r\000e\000\040\000A\000t\000t\000a\000c\000k\000\040\000\050\0002\0000\0001\0007\000\051}{section.1}% 2
\BOOKMARK [3][-]{subsubsection.1.1.1}{\376\377\000A\000t\000t\000a\000c\000k\000\040\000O\000v\000e\000r\000v\000i\000e\000w}{subsection.1.1}% 3
\BOOKMARK [3][-]{subsubsection.1.1.2}{\376\377\000T\000e\000c\000h\000n\000i\000c\000a\000l\000\040\000A\000n\000a\000l\000y\000s\000i\000s}{subsection.1.1}% 4
\BOOKMARK [3][-]{subsubsection.1.1.3}{\376\377\000I\000m\000p\000a\000c\000t\000\040\000S\000c\000o\000p\000e}{subsection.1.1}% 5
\BOOKMARK [3][-]{subsubsection.1.1.4}{\376\377\000E\000c\000o\000n\000o\000m\000i\000c\000\040\000L\000o\000s\000s\000e\000s}{subsection.1.1}% 6
\BOOKMARK [2][-]{subsection.1.2}{\376\377\000N\000o\000t\000P\000e\000t\000y\000a\000\040\000A\000t\000t\000a\000c\000k\000\040\000\050\0002\0000\0001\0007\000\051}{section.1}% 7
\BOOKMARK [3][-]{subsubsection.1.2.1}{\376\377\000A\000t\000t\000a\000c\000k\000\040\000O\000v\000e\000r\000v\000i\000e\000w}{subsection.1.2}% 8
\BOOKMARK [3][-]{subsubsection.1.2.2}{\376\377\000A\000t\000t\000a\000c\000k\000\040\000C\000h\000a\000r\000a\000c\000t\000e\000r\000i\000s\000t\000i\000c\000s}{subsection.1.2}% 9
\BOOKMARK [3][-]{subsubsection.1.2.3}{\376\377\000M\000a\000j\000o\000r\000\040\000I\000m\000p\000a\000c\000t\000\040\000C\000a\000s\000e\000s}{subsection.1.2}% 10
\BOOKMARK [2][-]{subsection.1.3}{\376\377\000C\000o\000l\000o\000n\000i\000a\000l\000\040\000P\000i\000p\000e\000l\000i\000n\000e\000\040\000A\000t\000t\000a\000c\000k\000\040\000\050\0002\0000\0002\0001\000\051}{section.1}% 11
\BOOKMARK [3][-]{subsubsection.1.3.1}{\376\377\000A\000t\000t\000a\000c\000k\000\040\000O\000v\000e\000r\000v\000i\000e\000w}{subsection.1.3}% 12
\BOOKMARK [3][-]{subsubsection.1.3.2}{\376\377\000A\000t\000t\000a\000c\000k\000\040\000P\000r\000o\000c\000e\000s\000s}{subsection.1.3}% 13
\BOOKMARK [3][-]{subsubsection.1.3.3}{\376\377\000S\000o\000c\000i\000a\000l\000\040\000I\000m\000p\000a\000c\000t}{subsection.1.3}% 14
\BOOKMARK [2][-]{subsection.1.4}{\376\377\000K\000a\000s\000e\000y\000a\000\040\000S\000u\000p\000p\000l\000y\000\040\000C\000h\000a\000i\000n\000\040\000A\000t\000t\000a\000c\000k\000\040\000\050\0002\0000\0002\0001\000\051}{section.1}% 15
\BOOKMARK [3][-]{subsubsection.1.4.1}{\376\377\000A\000t\000t\000a\000c\000k\000\040\000O\000v\000e\000r\000v\000i\000e\000w}{subsection.1.4}% 16
\BOOKMARK [3][-]{subsubsection.1.4.2}{\376\377\000A\000t\000t\000a\000c\000k\000\040\000T\000e\000c\000h\000n\000i\000q\000u\000e\000s}{subsection.1.4}% 17
\BOOKMARK [1][-]{section.2}{\376\377\000O\000r\000g\000a\000n\000i\000z\000a\000t\000i\000o\000n\000a\000l\000\040\000D\000e\000f\000e\000n\000s\000e\000\040\000S\000t\000r\000a\000t\000e\000g\000i\000e\000s\000\040\000a\000n\000d\000\040\000B\000e\000s\000t\000\040\000P\000r\000a\000c\000t\000i\000c\000e\000s}{}% 18
\BOOKMARK [2][-]{subsection.2.1}{\376\377\000P\000r\000e\000v\000e\000n\000t\000i\000v\000e\000\040\000M\000e\000a\000s\000u\000r\000e\000s}{section.2}% 19
\BOOKMARK [3][-]{subsubsection.2.1.1}{\376\377\000T\000e\000c\000h\000n\000i\000c\000a\000l\000\040\000P\000r\000o\000t\000e\000c\000t\000i\000o\000n\000\040\000M\000e\000a\000s\000u\000r\000e\000s}{subsection.2.1}% 20
\BOOKMARK [3][-]{subsubsection.2.1.2}{\376\377\000A\000d\000m\000i\000n\000i\000s\000t\000r\000a\000t\000i\000v\000e\000\040\000C\000o\000n\000t\000r\000o\000l\000\040\000M\000e\000a\000s\000u\000r\000e\000s}{subsection.2.1}% 21
\BOOKMARK [2][-]{subsection.2.2}{\376\377\000B\000a\000c\000k\000u\000p\000\040\000a\000n\000d\000\040\000R\000e\000c\000o\000v\000e\000r\000y\000\040\000S\000t\000r\000a\000t\000e\000g\000i\000e\000s}{section.2}% 22
\BOOKMARK [3][-]{subsubsection.2.2.1}{\376\377\000B\000a\000c\000k\000u\000p\000\040\000B\000e\000s\000t\000\040\000P\000r\000a\000c\000t\000i\000c\000e\000s}{subsection.2.2}% 23
\BOOKMARK [3][-]{subsubsection.2.2.2}{\376\377\000R\000e\000c\000o\000v\000e\000r\000y\000\040\000P\000l\000a\000n\000n\000i\000n\000g}{subsection.2.2}% 24
\BOOKMARK [2][-]{subsection.2.3}{\376\377\000E\000m\000p\000l\000o\000y\000e\000e\000\040\000T\000r\000a\000i\000n\000i\000n\000g\000\040\000a\000n\000d\000\040\000A\000w\000a\000r\000e\000n\000e\000s\000s}{section.2}% 25
\BOOKMARK [3][-]{subsubsection.2.3.1}{\376\377\000S\000e\000c\000u\000r\000i\000t\000y\000\040\000A\000w\000a\000r\000e\000n\000e\000s\000s\000\040\000T\000r\000a\000i\000n\000i\000n\000g}{subsection.2.3}% 26
\BOOKMARK [3][-]{subsubsection.2.3.2}{\376\377\000C\000u\000l\000t\000u\000r\000e\000\040\000B\000u\000i\000l\000d\000i\000n\000g}{subsection.2.3}% 27
\BOOKMARK [2][-]{subsection.2.4}{\376\377\000I\000n\000c\000i\000d\000e\000n\000t\000\040\000R\000e\000s\000p\000o\000n\000s\000e\000\040\000a\000n\000d\000\040\000R\000e\000c\000o\000v\000e\000r\000y}{section.2}% 28
\BOOKMARK [3][-]{subsubsection.2.4.1}{\376\377\000I\000n\000c\000i\000d\000e\000n\000t\000\040\000R\000e\000s\000p\000o\000n\000s\000e\000\040\000P\000l\000a\000n}{subsection.2.4}% 29
\BOOKMARK [3][-]{subsubsection.2.4.2}{\376\377\000C\000o\000m\000m\000u\000n\000i\000c\000a\000t\000i\000o\000n\000\040\000S\000t\000r\000a\000t\000e\000g\000y}{subsection.2.4}% 30
\BOOKMARK [2][-]{subsection.2.5}{\376\377\000C\000o\000m\000p\000l\000i\000a\000n\000c\000e\000\040\000a\000n\000d\000\040\000L\000e\000g\000a\000l\000\040\000C\000o\000n\000s\000i\000d\000e\000r\000a\000t\000i\000o\000n\000s}{section.2}% 31
\BOOKMARK [3][-]{subsubsection.2.5.1}{\376\377\000D\000a\000t\000a\000\040\000P\000r\000o\000t\000e\000c\000t\000i\000o\000n\000\040\000R\000e\000g\000u\000l\000a\000t\000i\000o\000n\000s}{subsection.2.5}% 32
\BOOKMARK [3][-]{subsubsection.2.5.2}{\376\377\000R\000e\000p\000o\000r\000t\000i\000n\000g\000\040\000O\000b\000l\000i\000g\000a\000t\000i\000o\000n\000s}{subsection.2.5}% 33
\BOOKMARK [1][-]{section.3}{\376\377\000C\000o\000n\000c\000l\000u\000s\000i\000o\000n}{}% 34
