\BOOKMARK [1][-]{section.1}{\376\377\142\147\210\114\144\130\211\201}{}% 1
\BOOKMARK [1][-]{section.2}{\376\377\137\025\212\000}{}% 2
\BOOKMARK [2][-]{subsection.2.1}{\376\377\170\024\172\166\200\314\146\157}{section.2}% 3
\BOOKMARK [2][-]{subsection.2.2}{\376\377\170\024\172\166\166\356\166\204}{section.2}% 4
\BOOKMARK [1][-]{section.3}{\376\377\122\322\175\042\217\157\116\366\145\073\121\373\224\376\122\006\147\220}{}% 5
\BOOKMARK [2][-]{subsection.3.1}{\376\377\145\073\121\373\224\376\151\202\217\360}{section.3}% 6
\BOOKMARK [2][-]{subsection.3.2}{\376\377\122\035\131\313\213\277\225\356\226\066\153\265}{section.3}% 7
\BOOKMARK [3][-]{subsubsection.3.2.1}{\376\377\224\223\234\174\220\256\116\366\145\073\121\373}{subsection.3.2}% 8
\BOOKMARK [3][-]{subsubsection.3.2.2}{\376\377\217\334\172\013\150\114\227\142\123\117\213\256\377\010\000R\000D\000P\377\011\146\264\122\233\170\064\211\343}{subsection.3.2}% 9
\BOOKMARK [3][-]{subsubsection.3.2.3}{\376\377\117\233\136\224\224\376\145\073\121\373}{subsection.3.2}% 10
\BOOKMARK [3][-]{subsubsection.3.2.4}{\376\377\157\017\155\036\122\051\165\050}{subsection.3.2}% 11
\BOOKMARK [2][-]{subsection.3.3}{\376\377\142\147\210\114\116\016\143\001\116\105\123\026\226\066\153\265}{section.3}% 12
\BOOKMARK [3][-]{subsubsection.3.3.1}{\376\377\140\166\141\017\116\343\170\001\142\147\210\114}{subsection.3.3}% 13
\BOOKMARK [3][-]{subsubsection.3.3.2}{\376\377\143\001\116\105\123\026\147\072\122\066}{subsection.3.3}% 14
\BOOKMARK [2][-]{subsection.3.4}{\376\377\147\103\226\120\143\320\123\107\116\016\152\052\124\021\171\373\122\250}{section.3}% 15
\BOOKMARK [3][-]{subsubsection.3.4.1}{\376\377\147\103\226\120\143\320\123\107\142\200\147\057}{subsection.3.4}% 16
\BOOKMARK [3][-]{subsubsection.3.4.2}{\376\377\152\052\124\021\171\373\122\250\173\126\165\145}{subsection.3.4}% 17
\BOOKMARK [2][-]{subsection.3.5}{\376\377\145\160\143\156\145\066\226\306\116\016\122\240\133\306}{section.3}% 18
\BOOKMARK [3][-]{subsubsection.3.5.1}{\376\377\166\356\150\007\213\306\122\053}{subsection.3.5}% 19
\BOOKMARK [3][-]{subsubsection.3.5.2}{\376\377\122\240\133\306\217\307\172\013}{subsection.3.5}% 20
\BOOKMARK [1][-]{section.4}{\376\377\116\032\122\241\217\336\176\355\140\047\137\161\124\315\122\006\147\220}{}% 21
\BOOKMARK [2][-]{subsection.4.1}{\376\377\116\032\122\241\217\336\176\355\140\047\151\202\137\365}{section.4}% 22
\BOOKMARK [2][-]{subsection.4.2}{\376\377\122\322\175\042\217\157\116\366\133\371\116\032\122\241\217\336\176\355\140\047\166\204\137\161\124\315}{section.4}% 23
\BOOKMARK [3][-]{subsubsection.4.2.1}{\376\377\166\364\143\245\137\161\124\315}{subsection.4.2}% 24
\BOOKMARK [3][-]{subsubsection.4.2.2}{\376\377\225\364\143\245\137\161\124\315}{subsection.4.2}% 25
\BOOKMARK [3][-]{subsubsection.4.2.3}{\376\377\225\177\147\037\137\161\124\315}{subsection.4.2}% 26
\BOOKMARK [1][-]{section.5}{\376\377\121\170\127\213\145\073\121\373\150\110\117\213\170\024\172\166}{}% 27
\BOOKMARK [2][-]{subsection.5.1}{\376\377\000W\000a\000n\000n\000a\000C\000r\000y\122\322\175\042\217\157\116\366\145\073\121\373\377\010\0002\0000\0001\0007\136\164\377\011}{section.5}% 28
\BOOKMARK [3][-]{subsubsection.5.1.1}{\376\377\145\073\121\373\151\202\217\360}{subsection.5.1}% 29
\BOOKMARK [3][-]{subsubsection.5.1.2}{\376\377\145\073\121\373\142\200\147\057\122\006\147\220}{subsection.5.1}% 30
\BOOKMARK [3][-]{subsubsection.5.1.3}{\376\377\137\161\124\315\203\003\126\364}{subsection.5.1}% 31
\BOOKMARK [3][-]{subsubsection.5.1.4}{\376\377\176\317\155\116\143\137\131\061}{subsection.5.1}% 32
\BOOKMARK [2][-]{subsection.5.2}{\376\377\000N\000o\000t\000P\000e\000t\000y\000a\145\073\121\373\377\010\0002\0000\0001\0007\136\164\377\011}{section.5}% 33
\BOOKMARK [3][-]{subsubsection.5.2.1}{\376\377\145\073\121\373\151\202\217\360}{subsection.5.2}% 34
\BOOKMARK [3][-]{subsubsection.5.2.2}{\376\377\145\073\121\373\162\171\160\271}{subsection.5.2}% 35
\BOOKMARK [3][-]{subsubsection.5.2.3}{\376\377\221\315\131\047\137\161\124\315\150\110\117\213}{subsection.5.2}% 36
\BOOKMARK [2][-]{subsection.5.3}{\376\377\000C\000o\000l\000o\000n\000i\000a\000l\000\040\000P\000i\000p\000e\000l\000i\000n\000e\145\073\121\373\377\010\0002\0000\0002\0001\136\164\377\011}{section.5}% 37
\BOOKMARK [3][-]{subsubsection.5.3.1}{\376\377\145\073\121\373\151\202\217\360}{subsection.5.3}% 38
\BOOKMARK [3][-]{subsubsection.5.3.2}{\376\377\145\073\121\373\217\307\172\013}{subsection.5.3}% 39
\BOOKMARK [3][-]{subsubsection.5.3.3}{\376\377\171\076\117\032\137\161\124\315}{subsection.5.3}% 40
\BOOKMARK [2][-]{subsection.5.4}{\376\377\000K\000a\000s\000e\000y\000a\117\233\136\224\224\376\145\073\121\373\377\010\0002\0000\0002\0001\136\164\377\011}{section.5}% 41
\BOOKMARK [3][-]{subsubsection.5.4.1}{\376\377\145\073\121\373\151\202\217\360}{subsection.5.4}% 42
\BOOKMARK [3][-]{subsubsection.5.4.2}{\376\377\145\073\121\373\142\200\147\057}{subsection.5.4}% 43
\BOOKMARK [1][-]{section.6}{\376\377\176\304\176\307\226\062\142\244\173\126\165\145\116\016\147\000\117\163\133\236\215\365}{}% 44
\BOOKMARK [2][-]{subsection.6.1}{\376\377\230\204\226\062\140\047\143\252\145\275}{section.6}% 45
\BOOKMARK [3][-]{subsubsection.6.1.1}{\376\377\142\200\147\057\226\062\142\244\143\252\145\275}{subsection.6.1}% 46
\BOOKMARK [3][-]{subsubsection.6.1.2}{\376\377\173\241\164\006\143\247\122\066\143\252\145\275}{subsection.6.1}% 47
\BOOKMARK [2][-]{subsection.6.2}{\376\377\131\007\116\375\116\016\140\142\131\015\173\126\165\145}{section.6}% 48
\BOOKMARK [3][-]{subsubsection.6.2.1}{\376\377\131\007\116\375\147\000\117\163\133\236\215\365}{subsection.6.2}% 49
\BOOKMARK [3][-]{subsubsection.6.2.2}{\376\377\140\142\131\015\213\241\122\022}{subsection.6.2}% 50
\BOOKMARK [2][-]{subsection.6.3}{\376\377\124\130\135\345\127\371\213\255\116\016\141\017\213\306\143\320\123\107}{section.6}% 51
\BOOKMARK [3][-]{subsubsection.6.3.1}{\376\377\133\211\121\150\141\017\213\306\127\371\213\255}{subsection.6.3}% 52
\BOOKMARK [3][-]{subsubsection.6.3.2}{\376\377\145\207\123\026\136\372\213\276}{subsection.6.3}% 53
\BOOKMARK [2][-]{subsection.6.4}{\376\377\116\213\116\366\124\315\136\224\116\016\140\142\131\015}{section.6}% 54
\BOOKMARK [3][-]{subsubsection.6.4.1}{\376\377\116\213\116\366\124\315\136\224\213\241\122\022}{subsection.6.4}% 55
\BOOKMARK [3][-]{subsubsection.6.4.2}{\376\377\154\237\220\032\173\126\165\145}{subsection.6.4}% 56
\BOOKMARK [2][-]{subsection.6.5}{\376\377\124\010\211\304\116\016\154\325\137\213\200\003\206\121}{section.6}% 57
\BOOKMARK [3][-]{subsubsection.6.5.1}{\376\377\145\160\143\156\117\335\142\244\154\325\211\304}{subsection.6.5}% 58
\BOOKMARK [3][-]{subsubsection.6.5.2}{\376\377\142\245\124\112\116\111\122\241}{subsection.6.5}% 59
\BOOKMARK [1][-]{section.7}{\376\377\145\260\121\164\132\001\200\301\116\016\123\321\134\125\215\213\122\277}{}% 60
\BOOKMARK [2][-]{subsection.7.1}{\376\377\122\322\175\042\217\157\116\366\123\163\147\015\122\241\377\010\000R\000a\000a\000S\377\011}{section.7}% 61
\BOOKMARK [2][-]{subsection.7.2}{\376\377\123\314\221\315\122\322\175\042\173\126\165\145}{section.7}% 62
\BOOKMARK [2][-]{subsection.7.3}{\376\377\224\210\133\371\121\163\225\056\127\372\170\100\213\276\145\275\166\204\145\073\121\373}{section.7}% 63
\BOOKMARK [2][-]{subsection.7.4}{\376\377\116\272\135\345\146\172\200\375\127\050\145\073\226\062\116\055\166\204\136\224\165\050}{section.7}% 64
\BOOKMARK [3][-]{subsubsection.7.4.1}{\376\377\145\073\121\373\145\271\227\142}{subsection.7.4}% 65
\BOOKMARK [3][-]{subsubsection.7.4.2}{\376\377\226\062\137\241\145\271\227\142}{subsection.7.4}% 66
\BOOKMARK [1][-]{section.8}{\376\377\136\372\213\256\116\016\176\323\213\272}{}% 67
\BOOKMARK [2][-]{subsection.8.1}{\376\377\176\304\176\307\136\372\213\256}{section.8}% 68
\BOOKMARK [3][-]{subsubsection.8.1.1}{\376\377\167\355\147\037\143\252\145\275\377\010\0001\000-\0003\116\052\147\010\377\011}{subsection.8.1}% 69
\BOOKMARK [3][-]{subsubsection.8.1.2}{\376\377\116\055\147\037\143\252\145\275\377\010\0003\000-\0001\0002\116\052\147\010\377\011}{subsection.8.1}% 70
\BOOKMARK [3][-]{subsubsection.8.1.3}{\376\377\225\177\147\037\143\252\145\275\377\010\0001\000-\0003\136\164\377\011}{subsection.8.1}% 71
\BOOKMARK [2][-]{subsection.8.2}{\376\377\145\077\173\126\136\372\213\256}{section.8}% 72
\BOOKMARK [3][-]{subsubsection.8.2.1}{\376\377\145\077\136\234\134\102\227\142}{subsection.8.2}% 73
\BOOKMARK [3][-]{subsubsection.8.2.2}{\376\377\210\114\116\032\134\102\227\142}{subsection.8.2}% 74
\BOOKMARK [2][-]{subsection.8.3}{\376\377\176\323\213\272}{section.8}% 75
\BOOKMARK [1][-]{section.9}{\376\377\123\302\200\003\145\207\163\056}{}% 76
\BOOKMARK [1][-]{appendix.A}{\376\377\226\104\137\125\000A\377\032\122\322\175\042\217\157\116\366\133\266\145\317\122\006\174\173}{}% 77
\BOOKMARK [1][-]{appendix.B}{\376\377\226\104\137\125\000B\377\032\116\213\116\366\124\315\136\224\150\300\147\345\156\005\123\125}{}% 78
\BOOKMARK [2][-]{subsection.B.1}{\376\377\122\035\131\313\124\315\136\224\377\010\0000\000-\0001\134\017\145\366\377\011}{appendix.B}% 79
\BOOKMARK [2][-]{subsection.B.2}{\376\377\220\117\122\066\226\066\153\265\377\010\0001\000-\0004\134\017\145\366\377\011}{appendix.B}% 80
\BOOKMARK [2][-]{subsection.B.3}{\376\377\150\071\226\144\226\066\153\265\377\010\0004\000-\0002\0004\134\017\145\366\377\011}{appendix.B}% 81
\BOOKMARK [2][-]{subsection.B.4}{\376\377\140\142\131\015\226\066\153\265\377\010\0001\000-\0007\131\051\377\011}{appendix.B}% 82
\BOOKMARK [1][-]{appendix.C}{\376\377\226\104\137\125\000C\377\032\177\121\176\334\133\211\121\150\150\106\147\266\146\040\134\004}{}% 83
